<?xml version="1.0" encoding="UTF-8"?>
<!-- Generated by org.testng.reporters.JUnitReportReporter -->
<testsuite hostname="NataliaPC" failures="0" tests="2" name="TestCases" time="0.003" errors="0" timestamp="2024-11-21T01:55:40 CST" skipped="0">
  <testcase classname="TestCases" name="test1" time="0.003"/>
  <testcase classname="TestCases" name="test2" time="0.000"/>
</testsuite> <!-- TestCases -->
