<?xml version="1.0" encoding="UTF-8"?>
<!-- Generated by org.testng.reporters.JUnitReportReporter -->
<testsuite hostname="NataliaPC" failures="0" tests="1" name="TestCases" time="0.004" errors="0" timestamp="2024-11-17T22:26:52 CST" skipped="0">
  <testcase classname="TestCases" name="test1" time="0.004"/>
</testsuite> <!-- TestCases -->
