<?xml version="1.0" encoding="UTF-8"?>
<!-- Generated by org.testng.reporters.JUnitReportReporter -->
<testsuite hostname="NataliaPC" failures="0" tests="2" name="TestCases" time="0.004" errors="0" timestamp="2024-11-21T02:00:58 CST" skipped="0">
  <testcase classname="TestCases" name="test2" time="0.001"/>
  <system-out/>
  <testcase classname="TestCases" name="test1" time="0.003"/>
  <system-out/>
</testsuite> <!-- TestCases -->
